                                      1 ;--------------------------------------------------------
                                      2 ; File Created by SDCC : free open source ISO C Compiler
                                      3 ; Version 4.5.0 #15242 (Linux)
                                      4 ;--------------------------------------------------------
                                      5 	.module pgc
                                      6 	
                                      7 	.optsdcc -mmcs51 --model-small
                                      8 ;--------------------------------------------------------
                                      9 ; Public variables in this module
                                     10 ;--------------------------------------------------------
                                     11 	.globl _main
                                     12 	.globl _Serial_ReadFloat
                                     13 	.globl _Serial_ReadByte
                                     14 	.globl _Serial_SendFloat
                                     15 	.globl _Serial_SendByte
                                     16 	.globl _Delay_5us
                                     17 	.globl _Delay_polling
                                     18 	.globl _Display_WriteDigit
                                     19 	.globl _Display_WriteFloat
                                     20 	.globl _MAX7219_Write
                                     21 	.globl _MAX7219_Select
                                     22 	.globl _MAX7219_SPI_Write_Byte
                                     23 	.globl _Keyboard_Read
                                     24 	.globl _CY
                                     25 	.globl _AC
                                     26 	.globl _F0
                                     27 	.globl _RS1
                                     28 	.globl _RS0
                                     29 	.globl _OV
                                     30 	.globl _FL
                                     31 	.globl _P
                                     32 	.globl _TF2
                                     33 	.globl _EXF2
                                     34 	.globl _RCLK
                                     35 	.globl _TCLK
                                     36 	.globl _EXEN2
                                     37 	.globl _TR2
                                     38 	.globl _C_T2
                                     39 	.globl _CP_RL2
                                     40 	.globl _T2CON_7
                                     41 	.globl _T2CON_6
                                     42 	.globl _T2CON_5
                                     43 	.globl _T2CON_4
                                     44 	.globl _T2CON_3
                                     45 	.globl _T2CON_2
                                     46 	.globl _T2CON_1
                                     47 	.globl _T2CON_0
                                     48 	.globl _PT2
                                     49 	.globl _PS
                                     50 	.globl _PT1
                                     51 	.globl _PX1
                                     52 	.globl _PT0
                                     53 	.globl _PX0
                                     54 	.globl _RD
                                     55 	.globl _WR
                                     56 	.globl _T1
                                     57 	.globl _T0
                                     58 	.globl _INT1
                                     59 	.globl _INT0
                                     60 	.globl _TXD
                                     61 	.globl _RXD
                                     62 	.globl _P3_7
                                     63 	.globl _P3_6
                                     64 	.globl _P3_5
                                     65 	.globl _P3_4
                                     66 	.globl _P3_3
                                     67 	.globl _P3_2
                                     68 	.globl _P3_1
                                     69 	.globl _P3_0
                                     70 	.globl _EA
                                     71 	.globl _ET2
                                     72 	.globl _ES
                                     73 	.globl _ET1
                                     74 	.globl _EX1
                                     75 	.globl _ET0
                                     76 	.globl _EX0
                                     77 	.globl _P2_7
                                     78 	.globl _P2_6
                                     79 	.globl _P2_5
                                     80 	.globl _P2_4
                                     81 	.globl _P2_3
                                     82 	.globl _P2_2
                                     83 	.globl _P2_1
                                     84 	.globl _P2_0
                                     85 	.globl _SM0
                                     86 	.globl _SM1
                                     87 	.globl _SM2
                                     88 	.globl _REN
                                     89 	.globl _TB8
                                     90 	.globl _RB8
                                     91 	.globl _TI
                                     92 	.globl _RI
                                     93 	.globl _T2EX
                                     94 	.globl _T2
                                     95 	.globl _P1_7
                                     96 	.globl _P1_6
                                     97 	.globl _P1_5
                                     98 	.globl _P1_4
                                     99 	.globl _P1_3
                                    100 	.globl _P1_2
                                    101 	.globl _P1_1
                                    102 	.globl _P1_0
                                    103 	.globl _TF1
                                    104 	.globl _TR1
                                    105 	.globl _TF0
                                    106 	.globl _TR0
                                    107 	.globl _IE1
                                    108 	.globl _IT1
                                    109 	.globl _IE0
                                    110 	.globl _IT0
                                    111 	.globl _P0_7
                                    112 	.globl _P0_6
                                    113 	.globl _P0_5
                                    114 	.globl _P0_4
                                    115 	.globl _P0_3
                                    116 	.globl _P0_2
                                    117 	.globl _P0_1
                                    118 	.globl _P0_0
                                    119 	.globl _B
                                    120 	.globl _A
                                    121 	.globl _ACC
                                    122 	.globl _PSW
                                    123 	.globl _TH2
                                    124 	.globl _TL2
                                    125 	.globl _RCAP2H
                                    126 	.globl _RCAP2L
                                    127 	.globl _T2MOD
                                    128 	.globl _T2CON
                                    129 	.globl _IP
                                    130 	.globl _P3
                                    131 	.globl _IE
                                    132 	.globl _P2
                                    133 	.globl _SBUF
                                    134 	.globl _SCON
                                    135 	.globl _P1
                                    136 	.globl _TH1
                                    137 	.globl _TH0
                                    138 	.globl _TL1
                                    139 	.globl _TL0
                                    140 	.globl _TMOD
                                    141 	.globl _TCON
                                    142 	.globl _PCON
                                    143 	.globl _DPH
                                    144 	.globl _DPL
                                    145 	.globl _SP
                                    146 	.globl _P0
                                    147 	.globl _gravity_y
                                    148 	.globl _ut
                                    149 	.globl _av_accel_ang
                                    150 	.globl _av_accel
                                    151 	.globl _ang_vel
                                    152 	.globl _angle
                                    153 	.globl _vel_y
                                    154 	.globl _vel_x
                                    155 	.globl _pos_y
                                    156 	.globl _pos_x
                                    157 	.globl _dsky_key_pressed
                                    158 	.globl _dsky_state
                                    159 	.globl _dsky_buffer
                                    160 	.globl _t_go
                                    161 	.globl _a0_y
                                    162 	.globl _a0_x
                                    163 	.globl _NOUN
                                    164 	.globl _VERB
                                    165 	.globl _PROG
                                    166 	.globl _gimbal
                                    167 	.globl _throttle
                                    168 	.globl _Display_WriteDigit_PARM_2
                                    169 	.globl _Display_WriteFloat_PARM_2
                                    170 	.globl _MAX7219_Write_PARM_2
                                    171 ;--------------------------------------------------------
                                    172 ; special function registers
                                    173 ;--------------------------------------------------------
                                    174 	.area RSEG    (ABS,DATA)
      000000                        175 	.org 0x0000
                           000080   176 _P0	=	0x0080
                           000081   177 _SP	=	0x0081
                           000082   178 _DPL	=	0x0082
                           000083   179 _DPH	=	0x0083
                           000087   180 _PCON	=	0x0087
                           000088   181 _TCON	=	0x0088
                           000089   182 _TMOD	=	0x0089
                           00008A   183 _TL0	=	0x008a
                           00008B   184 _TL1	=	0x008b
                           00008C   185 _TH0	=	0x008c
                           00008D   186 _TH1	=	0x008d
                           000090   187 _P1	=	0x0090
                           000098   188 _SCON	=	0x0098
                           000099   189 _SBUF	=	0x0099
                           0000A0   190 _P2	=	0x00a0
                           0000A8   191 _IE	=	0x00a8
                           0000B0   192 _P3	=	0x00b0
                           0000B8   193 _IP	=	0x00b8
                           0000C8   194 _T2CON	=	0x00c8
                           0000C9   195 _T2MOD	=	0x00c9
                           0000CA   196 _RCAP2L	=	0x00ca
                           0000CB   197 _RCAP2H	=	0x00cb
                           0000CC   198 _TL2	=	0x00cc
                           0000CD   199 _TH2	=	0x00cd
                           0000D0   200 _PSW	=	0x00d0
                           0000E0   201 _ACC	=	0x00e0
                           0000E0   202 _A	=	0x00e0
                           0000F0   203 _B	=	0x00f0
                                    204 ;--------------------------------------------------------
                                    205 ; special function bits
                                    206 ;--------------------------------------------------------
                                    207 	.area RSEG    (ABS,DATA)
      000000                        208 	.org 0x0000
                           000080   209 _P0_0	=	0x0080
                           000081   210 _P0_1	=	0x0081
                           000082   211 _P0_2	=	0x0082
                           000083   212 _P0_3	=	0x0083
                           000084   213 _P0_4	=	0x0084
                           000085   214 _P0_5	=	0x0085
                           000086   215 _P0_6	=	0x0086
                           000087   216 _P0_7	=	0x0087
                           000088   217 _IT0	=	0x0088
                           000089   218 _IE0	=	0x0089
                           00008A   219 _IT1	=	0x008a
                           00008B   220 _IE1	=	0x008b
                           00008C   221 _TR0	=	0x008c
                           00008D   222 _TF0	=	0x008d
                           00008E   223 _TR1	=	0x008e
                           00008F   224 _TF1	=	0x008f
                           000090   225 _P1_0	=	0x0090
                           000091   226 _P1_1	=	0x0091
                           000092   227 _P1_2	=	0x0092
                           000093   228 _P1_3	=	0x0093
                           000094   229 _P1_4	=	0x0094
                           000095   230 _P1_5	=	0x0095
                           000096   231 _P1_6	=	0x0096
                           000097   232 _P1_7	=	0x0097
                           000090   233 _T2	=	0x0090
                           000091   234 _T2EX	=	0x0091
                           000098   235 _RI	=	0x0098
                           000099   236 _TI	=	0x0099
                           00009A   237 _RB8	=	0x009a
                           00009B   238 _TB8	=	0x009b
                           00009C   239 _REN	=	0x009c
                           00009D   240 _SM2	=	0x009d
                           00009E   241 _SM1	=	0x009e
                           00009F   242 _SM0	=	0x009f
                           0000A0   243 _P2_0	=	0x00a0
                           0000A1   244 _P2_1	=	0x00a1
                           0000A2   245 _P2_2	=	0x00a2
                           0000A3   246 _P2_3	=	0x00a3
                           0000A4   247 _P2_4	=	0x00a4
                           0000A5   248 _P2_5	=	0x00a5
                           0000A6   249 _P2_6	=	0x00a6
                           0000A7   250 _P2_7	=	0x00a7
                           0000A8   251 _EX0	=	0x00a8
                           0000A9   252 _ET0	=	0x00a9
                           0000AA   253 _EX1	=	0x00aa
                           0000AB   254 _ET1	=	0x00ab
                           0000AC   255 _ES	=	0x00ac
                           0000AD   256 _ET2	=	0x00ad
                           0000AF   257 _EA	=	0x00af
                           0000B0   258 _P3_0	=	0x00b0
                           0000B1   259 _P3_1	=	0x00b1
                           0000B2   260 _P3_2	=	0x00b2
                           0000B3   261 _P3_3	=	0x00b3
                           0000B4   262 _P3_4	=	0x00b4
                           0000B5   263 _P3_5	=	0x00b5
                           0000B6   264 _P3_6	=	0x00b6
                           0000B7   265 _P3_7	=	0x00b7
                           0000B0   266 _RXD	=	0x00b0
                           0000B1   267 _TXD	=	0x00b1
                           0000B2   268 _INT0	=	0x00b2
                           0000B3   269 _INT1	=	0x00b3
                           0000B4   270 _T0	=	0x00b4
                           0000B5   271 _T1	=	0x00b5
                           0000B6   272 _WR	=	0x00b6
                           0000B7   273 _RD	=	0x00b7
                           0000B8   274 _PX0	=	0x00b8
                           0000B9   275 _PT0	=	0x00b9
                           0000BA   276 _PX1	=	0x00ba
                           0000BB   277 _PT1	=	0x00bb
                           0000BC   278 _PS	=	0x00bc
                           0000BD   279 _PT2	=	0x00bd
                           0000C8   280 _T2CON_0	=	0x00c8
                           0000C9   281 _T2CON_1	=	0x00c9
                           0000CA   282 _T2CON_2	=	0x00ca
                           0000CB   283 _T2CON_3	=	0x00cb
                           0000CC   284 _T2CON_4	=	0x00cc
                           0000CD   285 _T2CON_5	=	0x00cd
                           0000CE   286 _T2CON_6	=	0x00ce
                           0000CF   287 _T2CON_7	=	0x00cf
                           0000C8   288 _CP_RL2	=	0x00c8
                           0000C9   289 _C_T2	=	0x00c9
                           0000CA   290 _TR2	=	0x00ca
                           0000CB   291 _EXEN2	=	0x00cb
                           0000CC   292 _TCLK	=	0x00cc
                           0000CD   293 _RCLK	=	0x00cd
                           0000CE   294 _EXF2	=	0x00ce
                           0000CF   295 _TF2	=	0x00cf
                           0000D0   296 _P	=	0x00d0
                           0000D1   297 _FL	=	0x00d1
                           0000D2   298 _OV	=	0x00d2
                           0000D3   299 _RS0	=	0x00d3
                           0000D4   300 _RS1	=	0x00d4
                           0000D5   301 _F0	=	0x00d5
                           0000D6   302 _AC	=	0x00d6
                           0000D7   303 _CY	=	0x00d7
                                    304 ;--------------------------------------------------------
                                    305 ; overlayable register banks
                                    306 ;--------------------------------------------------------
                                    307 	.area REG_BANK_0	(REL,OVR,DATA)
      000000                        308 	.ds 8
                                    309 ;--------------------------------------------------------
                                    310 ; internal ram data
                                    311 ;--------------------------------------------------------
                                    312 	.area DSEG    (DATA)
      000000                        313 _MAX7219_Write_PARM_2:
      000000                        314 	.ds 1
      000001                        315 _Display_WriteFloat_PARM_2:
      000001                        316 	.ds 4
      000005                        317 _Display_WriteFloat_number_10000_50:
      000005                        318 	.ds 4
      000009                        319 _Display_WriteDigit_PARM_2:
      000009                        320 	.ds 1
      00000A                        321 _throttle::
      00000A                        322 	.ds 4
      00000E                        323 _gimbal::
      00000E                        324 	.ds 4
      000012                        325 _PROG::
      000012                        326 	.ds 1
      000013                        327 _VERB::
      000013                        328 	.ds 1
      000014                        329 _NOUN::
      000014                        330 	.ds 1
      000015                        331 _a0_x::
      000015                        332 	.ds 4
      000019                        333 _a0_y::
      000019                        334 	.ds 4
      00001D                        335 _t_go::
      00001D                        336 	.ds 4
      000021                        337 _dsky_buffer::
      000021                        338 	.ds 1
      000022                        339 _dsky_state::
      000022                        340 	.ds 1
      000023                        341 _dsky_key_pressed::
      000023                        342 	.ds 1
                                    343 ;--------------------------------------------------------
                                    344 ; overlayable items in internal ram
                                    345 ;--------------------------------------------------------
                                    346 	.area	OSEG    (OVR,DATA)
                                    347 	.area	OSEG    (OVR,DATA)
                                    348 	.area	OSEG    (OVR,DATA)
                                    349 	.area	OSEG    (OVR,DATA)
                                    350 	.area	OSEG    (OVR,DATA)
                                    351 	.area	OSEG    (OVR,DATA)
                                    352 	.area	OSEG    (OVR,DATA)
                                    353 	.area	OSEG    (OVR,DATA)
      000000                        354 _Serial_ReadFloat_value_10000_72:
      000000                        355 	.ds 4
                                    356 ;--------------------------------------------------------
                                    357 ; Stack segment in internal ram
                                    358 ;--------------------------------------------------------
                                    359 	.area SSEG
      000000                        360 __start__stack:
      000000                        361 	.ds	1
                                    362 
                                    363 ;--------------------------------------------------------
                                    364 ; indirectly addressable internal ram data
                                    365 ;--------------------------------------------------------
                                    366 	.area ISEG    (DATA)
                                    367 ;--------------------------------------------------------
                                    368 ; absolute internal ram data
                                    369 ;--------------------------------------------------------
                                    370 	.area IABS    (ABS,DATA)
                                    371 	.area IABS    (ABS,DATA)
                                    372 ;--------------------------------------------------------
                                    373 ; bit data
                                    374 ;--------------------------------------------------------
                                    375 	.area BSEG    (BIT)
                                    376 ;--------------------------------------------------------
                                    377 ; paged external ram data
                                    378 ;--------------------------------------------------------
                                    379 	.area PSEG    (PAG,XDATA)
                                    380 ;--------------------------------------------------------
                                    381 ; uninitialized external ram data
                                    382 ;--------------------------------------------------------
                                    383 	.area XSEG    (XDATA)
      000000                        384 _pos_x::
      000000                        385 	.ds 4
      000004                        386 _pos_y::
      000004                        387 	.ds 4
      000008                        388 _vel_x::
      000008                        389 	.ds 4
      00000C                        390 _vel_y::
      00000C                        391 	.ds 4
      000010                        392 _angle::
      000010                        393 	.ds 4
      000014                        394 _ang_vel::
      000014                        395 	.ds 4
      000018                        396 _av_accel::
      000018                        397 	.ds 4
      00001C                        398 _av_accel_ang::
      00001C                        399 	.ds 4
      000020                        400 _ut::
      000020                        401 	.ds 4
      000024                        402 _gravity_y::
      000024                        403 	.ds 4
                                    404 ;--------------------------------------------------------
                                    405 ; absolute external ram data
                                    406 ;--------------------------------------------------------
                                    407 	.area XABS    (ABS,XDATA)
                                    408 ;--------------------------------------------------------
                                    409 ; initialized external ram data
                                    410 ;--------------------------------------------------------
                                    411 	.area XISEG   (XDATA)
                                    412 	.area HOME    (CODE)
                                    413 	.area GSINIT0 (CODE)
                                    414 	.area GSINIT1 (CODE)
                                    415 	.area GSINIT2 (CODE)
                                    416 	.area GSINIT3 (CODE)
                                    417 	.area GSINIT4 (CODE)
                                    418 	.area GSINIT5 (CODE)
                                    419 	.area GSINIT  (CODE)
                                    420 	.area GSFINAL (CODE)
                                    421 	.area CSEG    (CODE)
                                    422 ;--------------------------------------------------------
                                    423 ; interrupt vector
                                    424 ;--------------------------------------------------------
                                    425 	.area HOME    (CODE)
      000000                        426 __interrupt_vect:
      000000 02r00r00         [24]  427 	ljmp	__sdcc_gsinit_startup
                                    428 ; restartable atomic support routines
      000003                        429 	.ds	5
      000008                        430 sdcc_atomic_exchange_rollback_start::
      000008 00               [12]  431 	nop
      000009 00               [12]  432 	nop
      00000A                        433 sdcc_atomic_exchange_pdata_impl:
      00000A E2               [24]  434 	movx	a, @r0
      00000B FB               [12]  435 	mov	r3, a
      00000C EA               [12]  436 	mov	a, r2
      00000D F2               [24]  437 	movx	@r0, a
      00000E 80 2C            [24]  438 	sjmp	sdcc_atomic_exchange_exit
      000010 00               [12]  439 	nop
      000011 00               [12]  440 	nop
      000012                        441 sdcc_atomic_exchange_xdata_impl:
      000012 E0               [24]  442 	movx	a, @dptr
      000013 FB               [12]  443 	mov	r3, a
      000014 EA               [12]  444 	mov	a, r2
      000015 F0               [24]  445 	movx	@dptr, a
      000016 80 24            [24]  446 	sjmp	sdcc_atomic_exchange_exit
      000018                        447 sdcc_atomic_compare_exchange_idata_impl:
      000018 E6               [12]  448 	mov	a, @r0
      000019 B5 02 02         [24]  449 	cjne	a, ar2, .+#5
      00001C EB               [12]  450 	mov	a, r3
      00001D F6               [12]  451 	mov	@r0, a
      00001E 22               [24]  452 	ret
      00001F 00               [12]  453 	nop
      000020                        454 sdcc_atomic_compare_exchange_pdata_impl:
      000020 E2               [24]  455 	movx	a, @r0
      000021 B5 02 02         [24]  456 	cjne	a, ar2, .+#5
      000024 EB               [12]  457 	mov	a, r3
      000025 F2               [24]  458 	movx	@r0, a
      000026 22               [24]  459 	ret
      000027 00               [12]  460 	nop
      000028                        461 sdcc_atomic_compare_exchange_xdata_impl:
      000028 E0               [24]  462 	movx	a, @dptr
      000029 B5 02 02         [24]  463 	cjne	a, ar2, .+#5
      00002C EB               [12]  464 	mov	a, r3
      00002D F0               [24]  465 	movx	@dptr, a
      00002E 22               [24]  466 	ret
      00002F                        467 sdcc_atomic_exchange_rollback_end::
                                    468 
      00002F                        469 sdcc_atomic_exchange_gptr_impl::
      00002F 30 F6 E0         [24]  470 	jnb	b.6, sdcc_atomic_exchange_xdata_impl
      000032 A8 82            [24]  471 	mov	r0, dpl
      000034 20 F5 D3         [24]  472 	jb	b.5, sdcc_atomic_exchange_pdata_impl
      000037                        473 sdcc_atomic_exchange_idata_impl:
      000037 EA               [12]  474 	mov	a, r2
      000038 C6               [12]  475 	xch	a, @r0
      000039 F5 82            [12]  476 	mov	dpl, a
      00003B 22               [24]  477 	ret
      00003C                        478 sdcc_atomic_exchange_exit:
      00003C 8B 82            [24]  479 	mov	dpl, r3
      00003E 22               [24]  480 	ret
      00003F                        481 sdcc_atomic_compare_exchange_gptr_impl::
      00003F 30 F6 E6         [24]  482 	jnb	b.6, sdcc_atomic_compare_exchange_xdata_impl
      000042 A8 82            [24]  483 	mov	r0, dpl
      000044 20 F5 D9         [24]  484 	jb	b.5, sdcc_atomic_compare_exchange_pdata_impl
      000047 80 CF            [24]  485 	sjmp	sdcc_atomic_compare_exchange_idata_impl
                                    486 ;--------------------------------------------------------
                                    487 ; global & static initialisations
                                    488 ;--------------------------------------------------------
                                    489 	.area HOME    (CODE)
                                    490 	.area GSINIT  (CODE)
                                    491 	.area GSFINAL (CODE)
                                    492 	.area GSINIT  (CODE)
                                    493 	.globl __sdcc_gsinit_startup
                                    494 	.globl __sdcc_program_startup
                                    495 	.globl __start__stack
                                    496 	.globl __mcs51_genXINIT
                                    497 	.globl __mcs51_genXRAMCLEAR
                                    498 	.globl __mcs51_genRAMCLEAR
                                    499 ;	pgc.c:28: byte_t dsky_buffer = 0x00;
      000000 75*21 00         [24]  500 	mov	_dsky_buffer,#0x00
                                    501 ;	pgc.c:29: byte_t dsky_state = 0;
      000003 75*22 00         [24]  502 	mov	_dsky_state,#0x00
                                    503 ;	pgc.c:30: bool dsky_key_pressed = false;
      000006 75*23 00         [24]  504 	mov	_dsky_key_pressed,#0x00
                                    505 	.area GSFINAL (CODE)
      000000 02r00r49         [24]  506 	ljmp	__sdcc_program_startup
                                    507 ;--------------------------------------------------------
                                    508 ; Home
                                    509 ;--------------------------------------------------------
                                    510 	.area HOME    (CODE)
                                    511 	.area HOME    (CODE)
      000049                        512 __sdcc_program_startup:
      000049 02r02r63         [24]  513 	ljmp	_main
                                    514 ;	return from main will return to caller
                                    515 ;--------------------------------------------------------
                                    516 ; code
                                    517 ;--------------------------------------------------------
                                    518 	.area CSEG    (CODE)
                                    519 ;------------------------------------------------------------
                                    520 ;Allocation info for local variables in function 'Keyboard_Read'
                                    521 ;------------------------------------------------------------
                                    522 ;x             Allocated to registers r7 
                                    523 ;y             Allocated to registers r7 
                                    524 ;i             Allocated to registers r6 
                                    525 ;__400000004   Allocated to registers r3 
                                    526 ;__400000001   Allocated to registers r4 
                                    527 ;__400000002   Allocated to registers 
                                    528 ;value         Allocated to registers 
                                    529 ;__400000005   Allocated to registers 
                                    530 ;value         Allocated to registers 
                                    531 ;------------------------------------------------------------
                                    532 ;	keyboard.h:16: byte_t Keyboard_Read(void) {
                                    533 ;	-----------------------------------------
                                    534 ;	 function Keyboard_Read
                                    535 ;	-----------------------------------------
      000000                        536 _Keyboard_Read:
                           000007   537 	ar7 = 0x07
                           000006   538 	ar6 = 0x06
                           000005   539 	ar5 = 0x05
                           000004   540 	ar4 = 0x04
                           000003   541 	ar3 = 0x03
                           000002   542 	ar2 = 0x02
                           000001   543 	ar1 = 0x01
                           000000   544 	ar0 = 0x00
                                    545 ;	keyboard.h:23: byte_t x, y = 0x01;
      000000 7F 01            [12]  546 	mov	r7,#0x01
                                    547 ;	keyboard.h:25: for (byte_t i=0; i<=2; i++) {
      000002 7E 00            [12]  548 	mov	r6,#0x00
      000004                        549 00134$:
      000004 EE               [12]  550 	mov	a,r6
      000005 24 FD            [12]  551 	add	a,#0xff - 0x02
      000007 50 03            [24]  552 	jnc	00257$
      000009 02r00r8F         [24]  553 	ljmp	00110$
      00000C                        554 00257$:
                                    555 ;	keyboard.h:26: KEYBOARD_PORT = 0xFF & ~y;
      00000C EF               [12]  556 	mov	a,r7
      00000D F4               [12]  557 	cpl	a
      00000E F5 90            [12]  558 	mov	_P1,a
                                    559 ;	keyboard.h:28: x = ~((KEYBOARD_PORT & 0xF0) >> 4) & 0x0F;
      000010 AC 90            [24]  560 	mov	r4,_P1
      000012 53 04 F0         [24]  561 	anl	ar4,#0xf0
      000015 E4               [12]  562 	clr	a
      000016 CC               [12]  563 	xch	a,r4
      000017 C4               [12]  564 	swap	a
      000018 54 0F            [12]  565 	anl	a,#0x0f
      00001A 6C               [12]  566 	xrl	a,r4
      00001B CC               [12]  567 	xch	a,r4
      00001C 54 0F            [12]  568 	anl	a,#0x0f
      00001E CC               [12]  569 	xch	a,r4
      00001F 6C               [12]  570 	xrl	a,r4
      000020 CC               [12]  571 	xch	a,r4
      000021 30 E3 02         [24]  572 	jnb	acc.3,00258$
      000024 44 F0            [12]  573 	orl	a,#0xfffffff0
      000026                        574 00258$:
      000026 EC               [12]  575 	mov	a,r4
      000027 F4               [12]  576 	cpl	a
      000028 FC               [12]  577 	mov	r4,a
      000029 74 0F            [12]  578 	mov	a,#0x0f
      00002B 5C               [12]  579 	anl	a,r4
      00002C FD               [12]  580 	mov	r5,a
                                    581 ;	keyboard.h:30: if (x==8) { // last column - special functions
      00002D BD 08 1B         [24]  582 	cjne	r5,#0x08,00107$
                                    583 ;	keyboard.h:31: switch (y) {
      000030 BF 01 02         [24]  584 	cjne	r7,#0x01,00261$
      000033 80 0A            [24]  585 	sjmp	00101$
      000035                        586 00261$:
      000035 BF 02 02         [24]  587 	cjne	r7,#0x02,00262$
      000038 80 09            [24]  588 	sjmp	00102$
      00003A                        589 00262$:
                                    590 ;	keyboard.h:32: case 1:
      00003A BF 04 0E         [24]  591 	cjne	r7,#0x04,00107$
      00003D 80 08            [24]  592 	sjmp	00103$
      00003F                        593 00101$:
                                    594 ;	keyboard.h:33: return 0x0C; // PROG
      00003F 75 82 0C         [24]  595 	mov	dpl, #0x0c
      000042 22               [24]  596 	ret
                                    597 ;	keyboard.h:34: case 2:
      000043                        598 00102$:
                                    599 ;	keyboard.h:35: return 0x0D; // VERB
      000043 75 82 0D         [24]  600 	mov	dpl, #0x0d
      000046 22               [24]  601 	ret
                                    602 ;	keyboard.h:36: case 4:
      000047                        603 00103$:
                                    604 ;	keyboard.h:37: return 0x0E; // NOUN
      000047 75 82 0E         [24]  605 	mov	dpl, #0x0e
      00004A 22               [24]  606 	ret
                                    607 ;	keyboard.h:40: }
      00004B                        608 00107$:
                                    609 ;	keyboard.h:43: if (x != 0) return 3*(log2_table(y)-1) + log2_table(x); 
      00004B ED               [12]  610 	mov	a,r5
      00004C 60 3A            [24]  611 	jz	00109$
                                    612 ;	keyboard.h:10: if (value == 0x01) return 1;
      00004E BF 01 04         [24]  613 	cjne	r7,#0x01,00120$
      000051 7C 01            [12]  614 	mov	r4,#0x01
      000053 80 10            [24]  615 	sjmp	00125$
      000055                        616 00120$:
                                    617 ;	keyboard.h:11: if (value == 0x02) return 2;
      000055 BF 02 04         [24]  618 	cjne	r7,#0x02,00122$
      000058 7C 02            [12]  619 	mov	r4,#0x02
      00005A 80 09            [24]  620 	sjmp	00125$
      00005C                        621 00122$:
                                    622 ;	keyboard.h:12: if (value == 0x04) return 3;
      00005C BF 04 04         [24]  623 	cjne	r7,#0x04,00124$
      00005F 7C 03            [12]  624 	mov	r4,#0x03
      000061 80 02            [24]  625 	sjmp	00125$
      000063                        626 00124$:
                                    627 ;	keyboard.h:13: return 0;
      000063 7C 00            [12]  628 	mov	r4,#0x00
                                    629 ;	keyboard.h:43: if (x != 0) return 3*(log2_table(y)-1) + log2_table(x); 
      000065                        630 00125$:
      000065 EC               [12]  631 	mov	a,r4
      000066 14               [12]  632 	dec	a
      000067 75 F0 03         [24]  633 	mov	b,#0x03
      00006A A4               [48]  634 	mul	ab
      00006B FC               [12]  635 	mov	r4,a
                                    636 ;	keyboard.h:10: if (value == 0x01) return 1;
      00006C BD 01 04         [24]  637 	cjne	r5,#0x01,00127$
      00006F 7B 01            [12]  638 	mov	r3,#0x01
      000071 80 10            [24]  639 	sjmp	00132$
      000073                        640 00127$:
                                    641 ;	keyboard.h:11: if (value == 0x02) return 2;
      000073 BD 02 04         [24]  642 	cjne	r5,#0x02,00129$
      000076 7B 02            [12]  643 	mov	r3,#0x02
      000078 80 09            [24]  644 	sjmp	00132$
      00007A                        645 00129$:
                                    646 ;	keyboard.h:12: if (value == 0x04) return 3;
      00007A BD 04 04         [24]  647 	cjne	r5,#0x04,00131$
      00007D 7B 03            [12]  648 	mov	r3,#0x03
      00007F 80 02            [24]  649 	sjmp	00132$
      000081                        650 00131$:
                                    651 ;	keyboard.h:13: return 0;
      000081 7B 00            [12]  652 	mov	r3,#0x00
                                    653 ;	keyboard.h:43: if (x != 0) return 3*(log2_table(y)-1) + log2_table(x); 
      000083                        654 00132$:
      000083 EB               [12]  655 	mov	a,r3
      000084 2C               [12]  656 	add	a, r4
      000085 F5 82            [12]  657 	mov	dpl,a
      000087 22               [24]  658 	ret
      000088                        659 00109$:
                                    660 ;	keyboard.h:45: y <<= 1;
      000088 EF               [12]  661 	mov	a,r7
      000089 2F               [12]  662 	add	a,r7
      00008A FF               [12]  663 	mov	r7,a
                                    664 ;	keyboard.h:25: for (byte_t i=0; i<=2; i++) {
      00008B 0E               [12]  665 	inc	r6
      00008C 02r00r04         [24]  666 	ljmp	00134$
      00008F                        667 00110$:
                                    668 ;	keyboard.h:49: KEYBOARD_PORT = 0xFF & ~y;
      00008F EF               [12]  669 	mov	a,r7
      000090 F4               [12]  670 	cpl	a
      000091 F5 90            [12]  671 	mov	_P1,a
                                    672 ;	keyboard.h:51: x = ~((KEYBOARD_PORT & 0xF0) >> 4) & 0x0F;
      000093 AE 90            [24]  673 	mov	r6,_P1
      000095 53 06 F0         [24]  674 	anl	ar6,#0xf0
      000098 E4               [12]  675 	clr	a
      000099 CE               [12]  676 	xch	a,r6
      00009A C4               [12]  677 	swap	a
      00009B 54 0F            [12]  678 	anl	a,#0x0f
      00009D 6E               [12]  679 	xrl	a,r6
      00009E CE               [12]  680 	xch	a,r6
      00009F 54 0F            [12]  681 	anl	a,#0x0f
      0000A1 CE               [12]  682 	xch	a,r6
      0000A2 6E               [12]  683 	xrl	a,r6
      0000A3 CE               [12]  684 	xch	a,r6
      0000A4 30 E3 02         [24]  685 	jnb	acc.3,00277$
      0000A7 44 F0            [12]  686 	orl	a,#0xfffffff0
      0000A9                        687 00277$:
      0000A9 EE               [12]  688 	mov	a,r6
      0000AA F4               [12]  689 	cpl	a
      0000AB FE               [12]  690 	mov	r6,a
      0000AC 74 0F            [12]  691 	mov	a,#0x0f
      0000AE 5E               [12]  692 	anl	a,r6
                                    693 ;	keyboard.h:53: if (x == 0) return 0xFF; // none key
      0000AF FF               [12]  694 	mov	r7,a
      0000B0 70 04            [24]  695 	jnz	00112$
      0000B2 75 82 FF         [24]  696 	mov	dpl, #0xff
      0000B5 22               [24]  697 	ret
      0000B6                        698 00112$:
                                    699 ;	keyboard.h:55: if (x == 1) return 0x0A; // *
      0000B6 BF 01 04         [24]  700 	cjne	r7,#0x01,00114$
      0000B9 75 82 0A         [24]  701 	mov	dpl, #0x0a
      0000BC 22               [24]  702 	ret
      0000BD                        703 00114$:
                                    704 ;	keyboard.h:56: if (x == 2) return 0x00; // 0
      0000BD BF 02 04         [24]  705 	cjne	r7,#0x02,00116$
      0000C0 75 82 00         [24]  706 	mov	dpl, #0x00
      0000C3 22               [24]  707 	ret
      0000C4                        708 00116$:
                                    709 ;	keyboard.h:57: if (x == 4) return 0x0B; // #
      0000C4 BF 04 04         [24]  710 	cjne	r7,#0x04,00118$
      0000C7 75 82 0B         [24]  711 	mov	dpl, #0x0b
      0000CA 22               [24]  712 	ret
      0000CB                        713 00118$:
                                    714 ;	keyboard.h:59: return 0xFF;
      0000CB 75 82 FF         [24]  715 	mov	dpl, #0xff
                                    716 ;	keyboard.h:60: }
      0000CE 22               [24]  717 	ret
                                    718 ;------------------------------------------------------------
                                    719 ;Allocation info for local variables in function 'MAX7219_SPI_Write_Byte'
                                    720 ;------------------------------------------------------------
                                    721 ;data          Allocated to registers 
                                    722 ;i             Allocated to registers r7 
                                    723 ;------------------------------------------------------------
                                    724 ;	display.h:17: void MAX7219_SPI_Write_Byte(byte_t data) {
                                    725 ;	-----------------------------------------
                                    726 ;	 function MAX7219_SPI_Write_Byte
                                    727 ;	-----------------------------------------
      0000CF                        728 _MAX7219_SPI_Write_Byte:
                                    729 ;	display.h:22: for(i=0; i<8; i++) {
      0000CF 7F 00            [12]  730 	mov	r7,#0x00
      0000D1                        731 00102$:
                                    732 ;	display.h:23: MAX7219_CLK_PIN = 0;
                                    733 ;	assignBit
      0000D1 C2 B5            [12]  734 	clr	_P3_5
                                    735 ;	display.h:31: __endasm;
      0000D3 E5 82            [12]  736 	mov	a, dpl
      0000D5 33               [12]  737 	rlc	a
                                    738 ;	display.h:32: ASM_MOV_C_TO_PIN(MAX7219_DIN_PIN);
      0000D6 92 B3            [24]  739 	mov	_P3_3, c 
                                    740 ;	display.h:35: __endasm;
      0000D8 F5 82            [12]  741 	mov	dpl, a
                                    742 ;	display.h:37: MAX7219_CLK_PIN = 1;
                                    743 ;	assignBit
      0000DA D2 B5            [12]  744 	setb	_P3_5
                                    745 ;	display.h:22: for(i=0; i<8; i++) {
      0000DC 0F               [12]  746 	inc	r7
      0000DD BF 08 00         [24]  747 	cjne	r7,#0x08,00113$
      0000E0                        748 00113$:
      0000E0 40 EF            [24]  749 	jc	00102$
                                    750 ;	display.h:39: }
      0000E2 22               [24]  751 	ret
                                    752 ;------------------------------------------------------------
                                    753 ;Allocation info for local variables in function 'MAX7219_Select'
                                    754 ;------------------------------------------------------------
                                    755 ;index         Allocated to registers 
                                    756 ;------------------------------------------------------------
                                    757 ;	display.h:41: void MAX7219_Select(byte_t index) {
                                    758 ;	-----------------------------------------
                                    759 ;	 function MAX7219_Select
                                    760 ;	-----------------------------------------
      0000E3                        761 _MAX7219_Select:
                                    762 ;	display.h:50: __endasm;
      0000E3 E5 82            [12]  763 	mov	a, dpl
      0000E5 13               [12]  764 	rrc	a
                                    765 ;	display.h:51: ASM_MOV_C_TO_PIN(MAX7219_CS0_PIN);
      0000E6 92 A5            [24]  766 	mov	_P2_5, c 
                                    767 ;	display.h:55: __endasm;
      0000E8 13               [12]  768 	rrc	a
                                    769 ;	display.h:56: ASM_MOV_C_TO_PIN(MAX7219_CS1_PIN);
      0000E9 92 A6            [24]  770 	mov	_P2_6, c 
                                    771 ;	display.h:57: }
      0000EB 22               [24]  772 	ret
                                    773 ;------------------------------------------------------------
                                    774 ;Allocation info for local variables in function 'MAX7219_Write'
                                    775 ;------------------------------------------------------------
                                    776 ;value         Allocated with name '_MAX7219_Write_PARM_2'
                                    777 ;reg           Allocated to registers r7 
                                    778 ;------------------------------------------------------------
                                    779 ;	display.h:59: void MAX7219_Write(byte_t reg, byte_t value) {
                                    780 ;	-----------------------------------------
                                    781 ;	 function MAX7219_Write
                                    782 ;	-----------------------------------------
      0000EC                        783 _MAX7219_Write:
      0000EC AF 82            [24]  784 	mov	r7, dpl
                                    785 ;	display.h:60: MAX7219_CS_PIN = 1; // enable CS
                                    786 ;	assignBit
      0000EE D2 A7            [12]  787 	setb	_P2_7
                                    788 ;	display.h:61: MAX7219_SPI_Write_Byte(reg);   // send address
      0000F0 8F 82            [24]  789 	mov	dpl, r7
      0000F2 12r00rCF         [24]  790 	lcall	_MAX7219_SPI_Write_Byte
                                    791 ;	display.h:62: MAX7219_SPI_Write_Byte(value); // send value
      0000F5 85*00 82         [24]  792 	mov	dpl, _MAX7219_Write_PARM_2
      0000F8 12r00rCF         [24]  793 	lcall	_MAX7219_SPI_Write_Byte
                                    794 ;	display.h:63: MAX7219_CS_PIN = 0; // disable CS
                                    795 ;	assignBit
      0000FB C2 A7            [12]  796 	clr	_P2_7
                                    797 ;	display.h:64: }
      0000FD 22               [24]  798 	ret
                                    799 ;------------------------------------------------------------
                                    800 ;Allocation info for local variables in function 'Display_WriteFloat'
                                    801 ;------------------------------------------------------------
                                    802 ;value         Allocated with name '_Display_WriteFloat_PARM_2'
                                    803 ;index         Allocated to registers r7 
                                    804 ;digit         Allocated to registers r0 r1 
                                    805 ;number        Allocated with name '_Display_WriteFloat_number_10000_50'
                                    806 ;i             Allocated to registers r7 
                                    807 ;------------------------------------------------------------
                                    808 ;	display.h:74: void Display_WriteFloat(byte_t index, float value) {
                                    809 ;	-----------------------------------------
                                    810 ;	 function Display_WriteFloat
                                    811 ;	-----------------------------------------
      0000FE                        812 _Display_WriteFloat:
      0000FE AF 82            [24]  813 	mov	r7, dpl
                                    814 ;	display.h:76: long number = (long) (value * 100);
      000100 C0 07            [24]  815 	push	ar7
      000102 C0*01            [24]  816 	push	_Display_WriteFloat_PARM_2
      000104 C0*02            [24]  817 	push	(_Display_WriteFloat_PARM_2 + 1)
      000106 C0*03            [24]  818 	push	(_Display_WriteFloat_PARM_2 + 2)
      000108 C0*04            [24]  819 	push	(_Display_WriteFloat_PARM_2 + 3)
      00010A 90 00 00         [24]  820 	mov	dptr,#0x0000
      00010D 75 F0 C8         [24]  821 	mov	b, #0xc8
      000110 74 42            [12]  822 	mov	a, #0x42
      000112 12r00r00         [24]  823 	lcall	___fsmul
      000115 AB 82            [24]  824 	mov	r3, dpl
      000117 AC 83            [24]  825 	mov	r4, dph
      000119 AD F0            [24]  826 	mov	r5, b
      00011B FE               [12]  827 	mov	r6, a
      00011C E5 81            [12]  828 	mov	a,sp
      00011E 24 FC            [12]  829 	add	a,#0xfc
      000120 F5 81            [12]  830 	mov	sp,a
      000122 8B 82            [24]  831 	mov	dpl, r3
      000124 8C 83            [24]  832 	mov	dph, r4
      000126 8D F0            [24]  833 	mov	b, r5
      000128 EE               [12]  834 	mov	a, r6
      000129 12r00r00         [24]  835 	lcall	___fs2slong
      00012C 85 82*05         [24]  836 	mov	_Display_WriteFloat_number_10000_50,dpl
      00012F 85 83*06         [24]  837 	mov	(_Display_WriteFloat_number_10000_50 + 1),dph
      000132 85 F0*07         [24]  838 	mov	(_Display_WriteFloat_number_10000_50 + 2),b
      000135 F5*08            [12]  839 	mov	(_Display_WriteFloat_number_10000_50 + 3),a
      000137 D0 07            [24]  840 	pop	ar7
                                    841 ;	display.h:78: MAX7219_Select(index);
      000139 8F 82            [24]  842 	mov	dpl, r7
      00013B 12r00rE3         [24]  843 	lcall	_MAX7219_Select
                                    844 ;	display.h:80: for(byte_t i=6; i>0; i--) {
      00013E 7F 06            [12]  845 	mov	r7,#0x06
      000140                        846 00103$:
      000140 EF               [12]  847 	mov	a,r7
      000141 60 6C            [24]  848 	jz	00105$
                                    849 ;	display.h:81: digit = number % 10;
      000143 75*00 0A         [24]  850 	mov	__modslong_PARM_2,#0x0a
      000146 E4               [12]  851 	clr	a
      000147 F5*01            [12]  852 	mov	(__modslong_PARM_2 + 1),a
      000149 F5*02            [12]  853 	mov	(__modslong_PARM_2 + 2),a
      00014B F5*03            [12]  854 	mov	(__modslong_PARM_2 + 3),a
      00014D 85*05 82         [24]  855 	mov	dpl, _Display_WriteFloat_number_10000_50
      000150 85*06 83         [24]  856 	mov	dph, (_Display_WriteFloat_number_10000_50 + 1)
      000153 85*07 F0         [24]  857 	mov	b, (_Display_WriteFloat_number_10000_50 + 2)
      000156 E5*08            [12]  858 	mov	a, (_Display_WriteFloat_number_10000_50 + 3)
      000158 C0 07            [24]  859 	push	ar7
      00015A 12r00r00         [24]  860 	lcall	__modslong
      00015D A8 82            [24]  861 	mov	r0, dpl
      00015F A9 83            [24]  862 	mov	r1, dph
      000161 D0 07            [24]  863 	pop	ar7
                                    864 ;	display.h:82: number = number / 10;
      000163 75*00 0A         [24]  865 	mov	__divslong_PARM_2,#0x0a
      000166 E4               [12]  866 	clr	a
      000167 F5*01            [12]  867 	mov	(__divslong_PARM_2 + 1),a
      000169 F5*02            [12]  868 	mov	(__divslong_PARM_2 + 2),a
      00016B F5*03            [12]  869 	mov	(__divslong_PARM_2 + 3),a
                                    870 ;	display.h:84: MAX7219_Write(i, i==4 ? digit | 0x80 : digit);
      00016D 85*05 82         [24]  871 	mov	dpl, _Display_WriteFloat_number_10000_50
      000170 85*06 83         [24]  872 	mov	dph, (_Display_WriteFloat_number_10000_50 + 1)
      000173 85*07 F0         [24]  873 	mov	b, (_Display_WriteFloat_number_10000_50 + 2)
      000176 E5*08            [12]  874 	mov	a, (_Display_WriteFloat_number_10000_50 + 3)
      000178 C0 07            [24]  875 	push	ar7
      00017A C0 01            [24]  876 	push	ar1
      00017C C0 00            [24]  877 	push	ar0
      00017E 12r00r00         [24]  878 	lcall	__divslong
      000181 85 82*05         [24]  879 	mov	_Display_WriteFloat_number_10000_50,dpl
      000184 85 83*06         [24]  880 	mov	(_Display_WriteFloat_number_10000_50 + 1),dph
      000187 85 F0*07         [24]  881 	mov	(_Display_WriteFloat_number_10000_50 + 2),b
      00018A F5*08            [12]  882 	mov	(_Display_WriteFloat_number_10000_50 + 3),a
      00018C D0 00            [24]  883 	pop	ar0
      00018E D0 01            [24]  884 	pop	ar1
      000190 D0 07            [24]  885 	pop	ar7
      000192 BF 04 08         [24]  886 	cjne	r7,#0x04,00109$
      000195 74 80            [12]  887 	mov	a,#0x80
      000197 48               [12]  888 	orl	a,r0
      000198 FD               [12]  889 	mov	r5,a
      000199 89 06            [24]  890 	mov	ar6,r1
      00019B 80 04            [24]  891 	sjmp	00110$
      00019D                        892 00109$:
      00019D 88 05            [24]  893 	mov	ar5,r0
      00019F 89 06            [24]  894 	mov	ar6,r1
      0001A1                        895 00110$:
      0001A1 8D*00            [24]  896 	mov	_MAX7219_Write_PARM_2,r5
      0001A3 8F 82            [24]  897 	mov	dpl, r7
      0001A5 C0 07            [24]  898 	push	ar7
      0001A7 12r00rEC         [24]  899 	lcall	_MAX7219_Write
      0001AA D0 07            [24]  900 	pop	ar7
                                    901 ;	display.h:80: for(byte_t i=6; i>0; i--) {
      0001AC 1F               [12]  902 	dec	r7
      0001AD 80 91            [24]  903 	sjmp	00103$
      0001AF                        904 00105$:
                                    905 ;	display.h:86: }
      0001AF 22               [24]  906 	ret
                                    907 ;------------------------------------------------------------
                                    908 ;Allocation info for local variables in function 'Display_WriteDigit'
                                    909 ;------------------------------------------------------------
                                    910 ;value         Allocated with name '_Display_WriteDigit_PARM_2'
                                    911 ;index         Allocated to registers r7 
                                    912 ;------------------------------------------------------------
                                    913 ;	display.h:88: void Display_WriteDigit(byte_t index, byte_t value) {
                                    914 ;	-----------------------------------------
                                    915 ;	 function Display_WriteDigit
                                    916 ;	-----------------------------------------
      0001B0                        917 _Display_WriteDigit:
                                    918 ;	display.h:89: MAX7219_Select(index);
      0001B0 12r00rE3         [24]  919 	lcall	_MAX7219_Select
                                    920 ;	display.h:93: MAX7219_Write(7, value/10);
      0001B3 AF*09            [24]  921 	mov	r7,_Display_WriteDigit_PARM_2
      0001B5 8F 06            [24]  922 	mov	ar6,r7
      0001B7 75 F0 0A         [24]  923 	mov	b,#0x0a
      0001BA EE               [12]  924 	mov	a,r6
      0001BB 84               [48]  925 	div	ab
      0001BC F5*00            [12]  926 	mov	_MAX7219_Write_PARM_2, a
      0001BE 75 82 07         [24]  927 	mov	dpl, #0x07
      0001C1 C0 07            [24]  928 	push	ar7
      0001C3 12r00rEC         [24]  929 	lcall	_MAX7219_Write
      0001C6 D0 07            [24]  930 	pop	ar7
                                    931 ;	display.h:94: MAX7219_Write(8, value%10);
      0001C8 75 F0 0A         [24]  932 	mov	b,#0x0a
      0001CB EF               [12]  933 	mov	a,r7
      0001CC 84               [48]  934 	div	ab
      0001CD AF F0            [24]  935 	mov	r7,b
      0001CF 8F*00            [24]  936 	mov	_MAX7219_Write_PARM_2,r7
      0001D1 75 82 08         [24]  937 	mov	dpl, #0x08
                                    938 ;	display.h:95: }
      0001D4 02r00rEC         [24]  939 	ljmp	_MAX7219_Write
                                    940 ;------------------------------------------------------------
                                    941 ;Allocation info for local variables in function 'Delay_polling'
                                    942 ;------------------------------------------------------------
                                    943 ;ms            Allocated to registers r6 r7 
                                    944 ;------------------------------------------------------------
                                    945 ;	delay.h:6: void Delay_polling(unsigned int ms) {
                                    946 ;	-----------------------------------------
                                    947 ;	 function Delay_polling
                                    948 ;	-----------------------------------------
      0001D7                        949 _Delay_polling:
      0001D7 AE 82            [24]  950 	mov	r6, dpl
      0001D9 AF 83            [24]  951 	mov	r7, dph
                                    952 ;	delay.h:7: TMOD |= 0x01;
      0001DB 43 89 01         [24]  953 	orl	_TMOD,#0x01
                                    954 ;	delay.h:9: while(ms--) {
      0001DE                        955 00104$:
      0001DE 8E 04            [24]  956 	mov	ar4,r6
      0001E0 8F 05            [24]  957 	mov	ar5,r7
      0001E2 1E               [12]  958 	dec	r6
      0001E3 BE FF 01         [24]  959 	cjne	r6,#0xff,00134$
      0001E6 1F               [12]  960 	dec	r7
      0001E7                        961 00134$:
      0001E7 EC               [12]  962 	mov	a,r4
      0001E8 4D               [12]  963 	orl	a,r5
      0001E9 60 11            [24]  964 	jz	00107$
                                    965 ;	delay.h:10: TH0 = 0xFC;
      0001EB 75 8C FC         [24]  966 	mov	_TH0,#0xfc
                                    967 ;	delay.h:11: TL0 = 0x17;
      0001EE 75 8A 17         [24]  968 	mov	_TL0,#0x17
                                    969 ;	delay.h:12: TR0 = 1;
                                    970 ;	assignBit
      0001F1 D2 8C            [12]  971 	setb	_TR0
                                    972 ;	delay.h:13: while(!TF0);
      0001F3                        973 00101$:
                                    974 ;	delay.h:14: TF0 = 0;
                                    975 ;	assignBit
      0001F3 10 8D 02         [24]  976 	jbc	_TF0,00136$
      0001F6 80 FB            [24]  977 	sjmp	00101$
      0001F8                        978 00136$:
                                    979 ;	delay.h:15: TR0 = 0;
                                    980 ;	assignBit
      0001F8 C2 8C            [12]  981 	clr	_TR0
      0001FA 80 E2            [24]  982 	sjmp	00104$
      0001FC                        983 00107$:
                                    984 ;	delay.h:17: }
      0001FC 22               [24]  985 	ret
                                    986 ;------------------------------------------------------------
                                    987 ;Allocation info for local variables in function 'Delay_5us'
                                    988 ;------------------------------------------------------------
                                    989 ;i             Allocated to registers r7 
                                    990 ;------------------------------------------------------------
                                    991 ;	delay.h:19: void Delay_5us(void) {
                                    992 ;	-----------------------------------------
                                    993 ;	 function Delay_5us
                                    994 ;	-----------------------------------------
      0001FD                        995 _Delay_5us:
                                    996 ;	delay.h:21: for(i=0; i<5; i++);
      0001FD 7F 05            [12]  997 	mov	r7,#0x05
      0001FF                        998 00104$:
      0001FF DF FE            [24]  999 	djnz	r7,00104$
                                   1000 ;	delay.h:22: }
      000201 22               [24] 1001 	ret
                                   1002 ;------------------------------------------------------------
                                   1003 ;Allocation info for local variables in function 'Serial_SendByte'
                                   1004 ;------------------------------------------------------------
                                   1005 ;value         Allocated to registers 
                                   1006 ;------------------------------------------------------------
                                   1007 ;	serial.h:21: void Serial_SendByte(byte_t value) {
                                   1008 ;	-----------------------------------------
                                   1009 ;	 function Serial_SendByte
                                   1010 ;	-----------------------------------------
      000202                       1011 _Serial_SendByte:
                                   1012 ;	serial.h:28: __endasm;
      000202 85 82 99         [24] 1013 	mov	_SBUF, dpl
      000205                       1014 1$:
      000205 30 99 FD         [24] 1015 	jnb _TI, 1$
      000208 C2 99            [12] 1016 	clr	_TI
                                   1017 ;	serial.h:29: }
      00020A 22               [24] 1018 	ret
                                   1019 ;------------------------------------------------------------
                                   1020 ;Allocation info for local variables in function 'Serial_SendFloat'
                                   1021 ;------------------------------------------------------------
                                   1022 ;value         Allocated to registers 
                                   1023 ;------------------------------------------------------------
                                   1024 ;	serial.h:31: void Serial_SendFloat(float value) {
                                   1025 ;	-----------------------------------------
                                   1026 ;	 function Serial_SendFloat
                                   1027 ;	-----------------------------------------
      00020B                       1028 _Serial_SendFloat:
                                   1029 ;	serial.h:50: __endasm;
      00020B 85 82 99         [24] 1030 	mov	_SBUF, dpl
      00020E                       1031 1$:
      00020E 30 99 FD         [24] 1032 	jnb _TI, 1$
      000211 C2 99            [12] 1033 	clr	_TI
      000213 85 83 99         [24] 1034 	mov	_SBUF, dph
      000216                       1035 2$:
      000216 30 99 FD         [24] 1036 	jnb _TI, 2$
      000219 C2 99            [12] 1037 	clr	_TI
      00021B 85 F0 99         [24] 1038 	mov	_SBUF, b
      00021E                       1039 3$:
      00021E 30 99 FD         [24] 1040 	jnb _TI, 3$
      000221 C2 99            [12] 1041 	clr	_TI
      000223 F5 99            [12] 1042 	mov	_SBUF, a
      000225                       1043 4$:
      000225 30 99 FD         [24] 1044 	jnb _TI, 4$
      000228 C2 99            [12] 1045 	clr	_TI
                                   1046 ;	serial.h:69: }
      00022A 22               [24] 1047 	ret
                                   1048 ;------------------------------------------------------------
                                   1049 ;Allocation info for local variables in function 'Serial_ReadByte'
                                   1050 ;------------------------------------------------------------
                                   1051 ;	serial.h:73: byte_t Serial_ReadByte(void) {
                                   1052 ;	-----------------------------------------
                                   1053 ;	 function Serial_ReadByte
                                   1054 ;	-----------------------------------------
      00022B                       1055 _Serial_ReadByte:
                                   1056 ;	serial.h:76: __asm__("1$: jnb _RI, 1$");
      00022B                       1057 1$:
      00022B 30 98 FD         [24] 1058 	jnb _RI, 1$
                                   1059 ;	serial.h:77: __asm__("clr _RI");
      00022E C2 98            [12] 1060 	clr	_RI
                                   1061 ;	serial.h:78: return SBUF;
      000230 85 99 82         [24] 1062 	mov	dpl, _SBUF
                                   1063 ;	serial.h:79: }
      000233 22               [24] 1064 	ret
                                   1065 ;------------------------------------------------------------
                                   1066 ;Allocation info for local variables in function 'Serial_ReadFloat'
                                   1067 ;------------------------------------------------------------
                                   1068 ;value         Allocated with name '_Serial_ReadFloat_value_10000_72'
                                   1069 ;p             Allocated to registers 
                                   1070 ;------------------------------------------------------------
                                   1071 ;	serial.h:81: float Serial_ReadFloat(void) {
                                   1072 ;	-----------------------------------------
                                   1073 ;	 function Serial_ReadFloat
                                   1074 ;	-----------------------------------------
      000234                       1075 _Serial_ReadFloat:
                                   1076 ;	serial.h:83: byte_t *p = (byte_t*)&value;
                                   1077 ;	serial.h:85: __asm__("1$: jnb _RI, 1$");
      000234                       1078 1$:
      000234 30 98 FD         [24] 1079 	jnb _RI, 1$
                                   1080 ;	serial.h:86: __asm__("clr _RI");
      000237 C2 98            [12] 1081 	clr	_RI
                                   1082 ;	serial.h:87: p[0] = SBUF;
      000239 85 99*00         [24] 1083 	mov	_Serial_ReadFloat_value_10000_72,_SBUF
                                   1084 ;	serial.h:89: __asm__("2$: jnb _RI, 2$");
      00023C                       1085 2$:
      00023C 30 98 FD         [24] 1086 	jnb _RI, 2$
                                   1087 ;	serial.h:90: __asm__("clr _RI");
      00023F C2 98            [12] 1088 	clr	_RI
                                   1089 ;	serial.h:91: p[1] = SBUF;
      000241 78r01            [12] 1090 	mov	r0,#(_Serial_ReadFloat_value_10000_72 + 0x0001)
      000243 A6 99            [24] 1091 	mov	@r0,_SBUF
                                   1092 ;	serial.h:93: __asm__("3$: jnb _RI, 3$");
      000245                       1093 3$:
      000245 30 98 FD         [24] 1094 	jnb _RI, 3$
                                   1095 ;	serial.h:94: __asm__("clr _RI");
      000248 C2 98            [12] 1096 	clr	_RI
                                   1097 ;	serial.h:95: p[2] = SBUF;
      00024A 78r02            [12] 1098 	mov	r0,#(_Serial_ReadFloat_value_10000_72 + 0x0002)
      00024C A6 99            [24] 1099 	mov	@r0,_SBUF
                                   1100 ;	serial.h:97: __asm__("4$: jnb _RI, 4$");
      00024E                       1101 4$:
      00024E 30 98 FD         [24] 1102 	jnb _RI, 4$
                                   1103 ;	serial.h:98: __asm__("clr _RI");
      000251 C2 98            [12] 1104 	clr	_RI
                                   1105 ;	serial.h:99: p[3] = SBUF;
      000253 78r03            [12] 1106 	mov	r0,#(_Serial_ReadFloat_value_10000_72 + 0x0003)
      000255 A6 99            [24] 1107 	mov	@r0,_SBUF
                                   1108 ;	serial.h:101: return value;
      000257 85*00 82         [24] 1109 	mov	dpl, _Serial_ReadFloat_value_10000_72
      00025A 85*01 83         [24] 1110 	mov	dph, (_Serial_ReadFloat_value_10000_72 + 1)
      00025D 85*02 F0         [24] 1111 	mov	b, (_Serial_ReadFloat_value_10000_72 + 2)
      000260 E5*03            [12] 1112 	mov	a, (_Serial_ReadFloat_value_10000_72 + 3)
                                   1113 ;	serial.h:102: }
      000262 22               [24] 1114 	ret
                                   1115 ;------------------------------------------------------------
                                   1116 ;Allocation info for local variables in function 'main'
                                   1117 ;------------------------------------------------------------
                                   1118 ;key           Allocated to registers r7 
                                   1119 ;t_go0         Allocated to registers 
                                   1120 ;counter       Allocated to registers 
                                   1121 ;__300000007   Allocated to registers 
                                   1122 ;th1           Allocated to registers 
                                   1123 ;__300000009   Allocated to registers 
                                   1124 ;n_SCON        Allocated to registers 
                                   1125 ;a             Allocated to registers r4 r5 r6 r7 
                                   1126 ;b             Allocated to registers r0 r1 r2 r3 
                                   1127 ;_a            Allocated to registers 
                                   1128 ;_b            Allocated to registers 
                                   1129 ;__400010018   Allocated to registers 
                                   1130 ;__400010014   Allocated to registers 
                                   1131 ;delta_angle   Allocated to registers 
                                   1132 ;__400010015   Allocated to registers 
                                   1133 ;__400010016   Allocated to registers 
                                   1134 ;vx            Allocated to registers 
                                   1135 ;vy            Allocated to registers 
                                   1136 ;__400010019   Allocated to registers 
                                   1137 ;value         Allocated to registers 
                                   1138 ;------------------------------------------------------------
                                   1139 ;	pgc.c:79: int main(void) {    
                                   1140 ;	-----------------------------------------
                                   1141 ;	 function main
                                   1142 ;	-----------------------------------------
      000263                       1143 _main:
                                   1144 ;	serial.h:14: TMOD |= 0x20;
      000263 43 89 20         [24] 1145 	orl	_TMOD,#0x20
                                   1146 ;	serial.h:15: TH1 = th1;
      000266 75 8D FD         [24] 1147 	mov	_TH1,#0xfd
                                   1148 ;	serial.h:16: TL1 = th1;
      000269 75 8B FD         [24] 1149 	mov	_TL1,#0xfd
                                   1150 ;	serial.h:17: TR1 = 1;
                                   1151 ;	assignBit
      00026C D2 8E            [12] 1152 	setb	_TR1
                                   1153 ;	serial.h:9: SCON = n_SCON;
      00026E 75 98 50         [24] 1154 	mov	_SCON,#0x50
                                   1155 ;	pgc.c:89: Serial_SendByte(0x09); // request gravity y
      000271 75 82 09         [24] 1156 	mov	dpl, #0x09
      000274 12r02r02         [24] 1157 	lcall	_Serial_SendByte
                                   1158 ;	pgc.c:90: gravity_y = Serial_ReadFloat(); // wait answer and save
      000277 12r02r34         [24] 1159 	lcall	_Serial_ReadFloat
      00027A AC 82            [24] 1160 	mov	r4, dpl
      00027C AD 83            [24] 1161 	mov	r5, dph
      00027E AE F0            [24] 1162 	mov	r6, b
      000280 FF               [12] 1163 	mov	r7, a
      000281 90r00r24         [24] 1164 	mov	dptr,#_gravity_y
      000284 EC               [12] 1165 	mov	a,r4
      000285 F0               [24] 1166 	movx	@dptr,a
      000286 ED               [12] 1167 	mov	a,r5
      000287 A3               [24] 1168 	inc	dptr
      000288 F0               [24] 1169 	movx	@dptr,a
      000289 EE               [12] 1170 	mov	a,r6
      00028A A3               [24] 1171 	inc	dptr
      00028B F0               [24] 1172 	movx	@dptr,a
      00028C EF               [12] 1173 	mov	a,r7
      00028D A3               [24] 1174 	inc	dptr
      00028E F0               [24] 1175 	movx	@dptr,a
                                   1176 ;	pgc.c:94: TMOD &= 0xF0;
      00028F 53 89 F0         [24] 1177 	anl	_TMOD,#0xf0
                                   1178 ;	pgc.c:95: TMOD |= 0x01;
      000292 43 89 01         [24] 1179 	orl	_TMOD,#0x01
                                   1180 ;	pgc.c:97: TH0 = 0x00;
      000295 75 8C 00         [24] 1181 	mov	_TH0,#0x00
                                   1182 ;	pgc.c:98: TL0 = 0x00;
      000298 75 8A 00         [24] 1183 	mov	_TL0,#0x00
                                   1184 ;	pgc.c:100: ET0 = 0; // ignore for now
                                   1185 ;	assignBit
      00029B C2 A9            [12] 1186 	clr	_ET0
                                   1187 ;	pgc.c:102: EA = 1;
                                   1188 ;	assignBit
      00029D D2 AF            [12] 1189 	setb	_EA
                                   1190 ;	pgc.c:104: TR0 = 1;
                                   1191 ;	assignBit
      00029F D2 8C            [12] 1192 	setb	_TR0
                                   1193 ;	pgc.c:109: for (key=1; key<=3; key++) {
      0002A1 7F 01            [12] 1194 	mov	r7,#0x01
      0002A3                       1195 00153$:
                                   1196 ;	pgc.c:110: MAX7219_Select(key);
      0002A3 8F 82            [24] 1197 	mov	dpl, r7
      0002A5 C0 07            [24] 1198 	push	ar7
      0002A7 12r00rE3         [24] 1199 	lcall	_MAX7219_Select
                                   1200 ;	display.h:67: MAX7219_Write(MAX7219_REG_SHUTDOWN, 0x01);  // wake up
      0002AA 75*00 01         [24] 1201 	mov	_MAX7219_Write_PARM_2,#0x01
      0002AD 75 82 0C         [24] 1202 	mov	dpl, #0x0c
      0002B0 12r00rEC         [24] 1203 	lcall	_MAX7219_Write
                                   1204 ;	display.h:68: MAX7219_Write(MAX7219_REG_TEST, 0x00);      // normal mode
      0002B3 75*00 00         [24] 1205 	mov	_MAX7219_Write_PARM_2,#0x00
      0002B6 75 82 0F         [24] 1206 	mov	dpl, #0x0f
      0002B9 12r00rEC         [24] 1207 	lcall	_MAX7219_Write
                                   1208 ;	display.h:69: MAX7219_Write(MAX7219_REG_DECODE, 0xFF);    // decode mode
      0002BC 75*00 FF         [24] 1209 	mov	_MAX7219_Write_PARM_2,#0xff
      0002BF 75 82 09         [24] 1210 	mov	dpl, #0x09
      0002C2 12r00rEC         [24] 1211 	lcall	_MAX7219_Write
                                   1212 ;	display.h:70: MAX7219_Write(MAX7219_REG_SCANLIMIT, 0x07); // amount digits
      0002C5 75*00 07         [24] 1213 	mov	_MAX7219_Write_PARM_2,#0x07
      0002C8 75 82 0B         [24] 1214 	mov	dpl, #0x0b
      0002CB 12r00rEC         [24] 1215 	lcall	_MAX7219_Write
                                   1216 ;	display.h:71: MAX7219_Write(MAX7219_REG_INTENSITY, 0x0F); // brightness
      0002CE 75*00 0F         [24] 1217 	mov	_MAX7219_Write_PARM_2,#0x0f
      0002D1 75 82 0A         [24] 1218 	mov	dpl, #0x0a
      0002D4 12r00rEC         [24] 1219 	lcall	_MAX7219_Write
      0002D7 D0 07            [24] 1220 	pop	ar7
                                   1221 ;	pgc.c:109: for (key=1; key<=3; key++) {
      0002D9 0F               [12] 1222 	inc	r7
      0002DA EF               [12] 1223 	mov	a,r7
      0002DB 24 FC            [12] 1224 	add	a,#0xff - 0x03
      0002DD 50 C4            [24] 1225 	jnc	00153$
                                   1226 ;	pgc.c:115: PROG = 10;
      0002DF 75*12 0A         [24] 1227 	mov	_PROG,#0x0a
                                   1228 ;	pgc.c:116: VERB = 40;
      0002E2 75*13 28         [24] 1229 	mov	_VERB,#0x28
                                   1230 ;	pgc.c:117: NOUN = 66;
      0002E5 75*14 42         [24] 1231 	mov	_NOUN,#0x42
                                   1232 ;	pgc.c:118: float a=0.0f;
      0002E8 7C 00            [12] 1233 	mov	r4,#0x00
      0002EA 7D 00            [12] 1234 	mov	r5,#0x00
      0002EC 7E 00            [12] 1235 	mov	r6,#0x00
      0002EE 7F 00            [12] 1236 	mov	r7,#0x00
                                   1237 ;	pgc.c:119: float b=0.0f;
      0002F0 78 00            [12] 1238 	mov	r0,#0x00
      0002F2 79 00            [12] 1239 	mov	r1,#0x00
      0002F4 7A 00            [12] 1240 	mov	r2,#0x00
      0002F6 7B 00            [12] 1241 	mov	r3,#0x00
                                   1242 ;	pgc.c:120: while (1) { // ALGUM PROBLEMA AQ!
      0002F8                       1243 00103$:
                                   1244 ;	pgc.c:121: PROG++;
      0002F8 05*12            [12] 1245 	inc	_PROG
                                   1246 ;	pgc.c:122: VERB++;
      0002FA 05*13            [12] 1247 	inc	_VERB
                                   1248 ;	pgc.c:123: NOUN++;
      0002FC 05*14            [12] 1249 	inc	_NOUN
                                   1250 ;	pgc.c:124: a+=0.1f;
      0002FE C0 03            [24] 1251 	push	ar3
      000300 C0 02            [24] 1252 	push	ar2
      000302 C0 01            [24] 1253 	push	ar1
      000304 C0 00            [24] 1254 	push	ar0
      000306 74 CD            [12] 1255 	mov	a,#0xcd
      000308 C0 E0            [24] 1256 	push	acc
      00030A 14               [12] 1257 	dec	a
      00030B C0 E0            [24] 1258 	push	acc
      00030D C0 E0            [24] 1259 	push	acc
      00030F 74 3D            [12] 1260 	mov	a,#0x3d
      000311 C0 E0            [24] 1261 	push	acc
                                   1262 ;	pgc.c:125: b+=0.5f;
      000313 8C 82            [24] 1263 	mov	dpl, r4
      000315 8D 83            [24] 1264 	mov	dph, r5
      000317 8E F0            [24] 1265 	mov	b, r6
      000319 EF               [12] 1266 	mov	a, r7
      00031A 12r00r00         [24] 1267 	lcall	___fsadd
      00031D AC 82            [24] 1268 	mov	r4, dpl
      00031F AD 83            [24] 1269 	mov	r5, dph
      000321 AE F0            [24] 1270 	mov	r6, b
      000323 FF               [12] 1271 	mov	r7, a
      000324 E5 81            [12] 1272 	mov	a,sp
      000326 24 FC            [12] 1273 	add	a,#0xfc
      000328 F5 81            [12] 1274 	mov	sp,a
      00032A D0 00            [24] 1275 	pop	ar0
      00032C D0 01            [24] 1276 	pop	ar1
      00032E D0 02            [24] 1277 	pop	ar2
      000330 D0 03            [24] 1278 	pop	ar3
      000332 C0 07            [24] 1279 	push	ar7
      000334 C0 06            [24] 1280 	push	ar6
      000336 C0 05            [24] 1281 	push	ar5
      000338 C0 04            [24] 1282 	push	ar4
      00033A E4               [12] 1283 	clr	a
      00033B C0 E0            [24] 1284 	push	acc
      00033D C0 E0            [24] 1285 	push	acc
      00033F C0 E0            [24] 1286 	push	acc
      000341 74 3F            [12] 1287 	mov	a,#0x3f
      000343 C0 E0            [24] 1288 	push	acc
                                   1289 ;	pgc.c:127: Display_WriteDigit(1, PROG);
      000345 88 82            [24] 1290 	mov	dpl, r0
      000347 89 83            [24] 1291 	mov	dph, r1
      000349 8A F0            [24] 1292 	mov	b, r2
      00034B EB               [12] 1293 	mov	a, r3
      00034C 12r00r00         [24] 1294 	lcall	___fsadd
      00034F A8 82            [24] 1295 	mov	r0, dpl
      000351 A9 83            [24] 1296 	mov	r1, dph
      000353 AA F0            [24] 1297 	mov	r2, b
      000355 FB               [12] 1298 	mov	r3, a
      000356 E5 81            [12] 1299 	mov	a,sp
      000358 24 FC            [12] 1300 	add	a,#0xfc
      00035A F5 81            [12] 1301 	mov	sp,a
      00035C D0 04            [24] 1302 	pop	ar4
      00035E D0 05            [24] 1303 	pop	ar5
      000360 D0 06            [24] 1304 	pop	ar6
      000362 D0 07            [24] 1305 	pop	ar7
      000364 85*12*09         [24] 1306 	mov	_Display_WriteDigit_PARM_2,_PROG
      000367 75 82 01         [24] 1307 	mov	dpl, #0x01
      00036A C0 07            [24] 1308 	push	ar7
      00036C C0 06            [24] 1309 	push	ar6
      00036E C0 05            [24] 1310 	push	ar5
      000370 C0 04            [24] 1311 	push	ar4
      000372 C0 03            [24] 1312 	push	ar3
      000374 C0 02            [24] 1313 	push	ar2
      000376 C0 01            [24] 1314 	push	ar1
      000378 C0 00            [24] 1315 	push	ar0
      00037A 12r01rB0         [24] 1316 	lcall	_Display_WriteDigit
      00037D D0 00            [24] 1317 	pop	ar0
      00037F D0 01            [24] 1318 	pop	ar1
      000381 D0 02            [24] 1319 	pop	ar2
      000383 D0 03            [24] 1320 	pop	ar3
      000385 D0 04            [24] 1321 	pop	ar4
      000387 D0 05            [24] 1322 	pop	ar5
      000389 D0 06            [24] 1323 	pop	ar6
      00038B D0 07            [24] 1324 	pop	ar7
                                   1325 ;	pgc.c:128: Display_WriteDigit(2, VERB);
      00038D 85*13*09         [24] 1326 	mov	_Display_WriteDigit_PARM_2,_VERB
      000390 75 82 02         [24] 1327 	mov	dpl, #0x02
      000393 C0 07            [24] 1328 	push	ar7
      000395 C0 06            [24] 1329 	push	ar6
      000397 C0 05            [24] 1330 	push	ar5
      000399 C0 04            [24] 1331 	push	ar4
      00039B C0 03            [24] 1332 	push	ar3
      00039D C0 02            [24] 1333 	push	ar2
      00039F C0 01            [24] 1334 	push	ar1
      0003A1 C0 00            [24] 1335 	push	ar0
      0003A3 12r01rB0         [24] 1336 	lcall	_Display_WriteDigit
      0003A6 D0 00            [24] 1337 	pop	ar0
      0003A8 D0 01            [24] 1338 	pop	ar1
      0003AA D0 02            [24] 1339 	pop	ar2
      0003AC D0 03            [24] 1340 	pop	ar3
      0003AE D0 04            [24] 1341 	pop	ar4
      0003B0 D0 05            [24] 1342 	pop	ar5
      0003B2 D0 06            [24] 1343 	pop	ar6
      0003B4 D0 07            [24] 1344 	pop	ar7
                                   1345 ;	pgc.c:129: Display_WriteDigit(3, NOUN);
      0003B6 85*14*09         [24] 1346 	mov	_Display_WriteDigit_PARM_2,_NOUN
      0003B9 75 82 03         [24] 1347 	mov	dpl, #0x03
      0003BC C0 07            [24] 1348 	push	ar7
      0003BE C0 06            [24] 1349 	push	ar6
      0003C0 C0 05            [24] 1350 	push	ar5
      0003C2 C0 04            [24] 1351 	push	ar4
      0003C4 C0 03            [24] 1352 	push	ar3
      0003C6 C0 02            [24] 1353 	push	ar2
      0003C8 C0 01            [24] 1354 	push	ar1
      0003CA C0 00            [24] 1355 	push	ar0
      0003CC 12r01rB0         [24] 1356 	lcall	_Display_WriteDigit
      0003CF D0 00            [24] 1357 	pop	ar0
      0003D1 D0 01            [24] 1358 	pop	ar1
      0003D3 D0 02            [24] 1359 	pop	ar2
      0003D5 D0 03            [24] 1360 	pop	ar3
      0003D7 D0 04            [24] 1361 	pop	ar4
      0003D9 D0 05            [24] 1362 	pop	ar5
      0003DB D0 06            [24] 1363 	pop	ar6
      0003DD D0 07            [24] 1364 	pop	ar7
                                   1365 ;	pgc.c:131: Display_WriteFloat(1, a);
      0003DF 8C*01            [24] 1366 	mov	_Display_WriteFloat_PARM_2,r4
      0003E1 8D*02            [24] 1367 	mov	(_Display_WriteFloat_PARM_2 + 1),r5
      0003E3 8E*03            [24] 1368 	mov	(_Display_WriteFloat_PARM_2 + 2),r6
      0003E5 8F*04            [24] 1369 	mov	(_Display_WriteFloat_PARM_2 + 3),r7
      0003E7 75 82 01         [24] 1370 	mov	dpl, #0x01
      0003EA C0 07            [24] 1371 	push	ar7
      0003EC C0 06            [24] 1372 	push	ar6
      0003EE C0 05            [24] 1373 	push	ar5
      0003F0 C0 04            [24] 1374 	push	ar4
      0003F2 C0 03            [24] 1375 	push	ar3
      0003F4 C0 02            [24] 1376 	push	ar2
      0003F6 C0 01            [24] 1377 	push	ar1
      0003F8 C0 00            [24] 1378 	push	ar0
      0003FA 12r00rFE         [24] 1379 	lcall	_Display_WriteFloat
      0003FD D0 00            [24] 1380 	pop	ar0
      0003FF D0 01            [24] 1381 	pop	ar1
      000401 D0 02            [24] 1382 	pop	ar2
      000403 D0 03            [24] 1383 	pop	ar3
      000405 D0 04            [24] 1384 	pop	ar4
      000407 D0 05            [24] 1385 	pop	ar5
      000409 D0 06            [24] 1386 	pop	ar6
      00040B D0 07            [24] 1387 	pop	ar7
                                   1388 ;	pgc.c:132: Display_WriteFloat(2, b);
      00040D 88*01            [24] 1389 	mov	_Display_WriteFloat_PARM_2,r0
      00040F 89*02            [24] 1390 	mov	(_Display_WriteFloat_PARM_2 + 1),r1
      000411 8A*03            [24] 1391 	mov	(_Display_WriteFloat_PARM_2 + 2),r2
      000413 8B*04            [24] 1392 	mov	(_Display_WriteFloat_PARM_2 + 3),r3
      000415 75 82 02         [24] 1393 	mov	dpl, #0x02
      000418 C0 07            [24] 1394 	push	ar7
      00041A C0 06            [24] 1395 	push	ar6
      00041C C0 05            [24] 1396 	push	ar5
      00041E C0 04            [24] 1397 	push	ar4
      000420 C0 03            [24] 1398 	push	ar3
      000422 C0 02            [24] 1399 	push	ar2
      000424 C0 01            [24] 1400 	push	ar1
      000426 C0 00            [24] 1401 	push	ar0
      000428 12r00rFE         [24] 1402 	lcall	_Display_WriteFloat
      00042B D0 00            [24] 1403 	pop	ar0
      00042D D0 01            [24] 1404 	pop	ar1
      00042F D0 02            [24] 1405 	pop	ar2
      000431 D0 03            [24] 1406 	pop	ar3
      000433 D0 04            [24] 1407 	pop	ar4
      000435 D0 05            [24] 1408 	pop	ar5
      000437 D0 06            [24] 1409 	pop	ar6
      000439 D0 07            [24] 1410 	pop	ar7
                                   1411 ;	pgc.c:133: Display_WriteFloat(3, a+b);
      00043B C0 07            [24] 1412 	push	ar7
      00043D C0 06            [24] 1413 	push	ar6
      00043F C0 05            [24] 1414 	push	ar5
      000441 C0 04            [24] 1415 	push	ar4
      000443 C0 03            [24] 1416 	push	ar3
      000445 C0 02            [24] 1417 	push	ar2
      000447 C0 01            [24] 1418 	push	ar1
      000449 C0 00            [24] 1419 	push	ar0
      00044B C0 00            [24] 1420 	push	ar0
      00044D C0 01            [24] 1421 	push	ar1
      00044F C0 02            [24] 1422 	push	ar2
      000451 C0 03            [24] 1423 	push	ar3
      000453 8C 82            [24] 1424 	mov	dpl, r4
      000455 8D 83            [24] 1425 	mov	dph, r5
      000457 8E F0            [24] 1426 	mov	b, r6
      000459 EF               [12] 1427 	mov	a, r7
      00045A 12r00r00         [24] 1428 	lcall	___fsadd
      00045D 85 82*01         [24] 1429 	mov	_Display_WriteFloat_PARM_2,dpl
      000460 85 83*02         [24] 1430 	mov	(_Display_WriteFloat_PARM_2 + 1),dph
      000463 85 F0*03         [24] 1431 	mov	(_Display_WriteFloat_PARM_2 + 2),b
      000466 F5*04            [12] 1432 	mov	(_Display_WriteFloat_PARM_2 + 3),a
      000468 E5 81            [12] 1433 	mov	a,sp
      00046A 24 FC            [12] 1434 	add	a,#0xfc
      00046C F5 81            [12] 1435 	mov	sp,a
      00046E 75 82 03         [24] 1436 	mov	dpl, #0x03
      000471 12r00rFE         [24] 1437 	lcall	_Display_WriteFloat
                                   1438 ;	pgc.c:135: Delay_polling(300);
      000474 90 01 2C         [24] 1439 	mov	dptr,#0x012c
      000477 12r01rD7         [24] 1440 	lcall	_Delay_polling
      00047A D0 00            [24] 1441 	pop	ar0
      00047C D0 01            [24] 1442 	pop	ar1
      00047E D0 02            [24] 1443 	pop	ar2
      000480 D0 03            [24] 1444 	pop	ar3
      000482 D0 04            [24] 1445 	pop	ar4
      000484 D0 05            [24] 1446 	pop	ar5
      000486 D0 06            [24] 1447 	pop	ar6
      000488 D0 07            [24] 1448 	pop	ar7
                                   1449 ;	pgc.c:232: dsky_buffer = key; // DEBUG
                                   1450 ;	pgc.c:235: }
      00048A 02r02rF8         [24] 1451 	ljmp	00103$
                                   1452 	.area CSEG    (CODE)
                                   1453 	.area CONST   (CODE)
                                   1454 	.area XINIT   (CODE)
                                   1455 	.area CABS    (ABS,CODE)
